2025-12-08 16:37:39 INFO  [LoginPage] Navigating to Login Page: https://automationexercise.com/login
2025-12-08 16:37:44 INFO  [LoginPage] Entering email: [[ChromeDriver: chrome on windows (8d979c22c506411e548a31e2aa223d7b)] -> xpath: //form[@action='/login']//input[@type='email']]
2025-12-08 16:37:45 INFO  [LoginPage] Entering password: [[ChromeDriver: chrome on windows (8d979c22c506411e548a31e2aa223d7b)] -> xpath: //div[@class='login-form']//input[@type='password']]
2025-12-08 16:37:45 INFO  [LoginPage] Clicking Login button
2025-12-08 16:37:52 INFO  [LoginPage] Navigating to Login Page: https://automationexercise.com/login
2025-12-08 16:37:57 INFO  [LoginPage] Entering email: [[ChromeDriver: chrome on windows (5d97f9812804d90c11222ce393e9a139)] -> xpath: //form[@action='/login']//input[@type='email']]
2025-12-08 16:37:58 INFO  [LoginPage] Entering password: [[ChromeDriver: chrome on windows (5d97f9812804d90c11222ce393e9a139)] -> xpath: //div[@class='login-form']//input[@type='password']]
2025-12-08 16:37:59 INFO  [LoginPage] Clicking Login button
2025-12-08 17:18:56 INFO  [LoginPage] Navigating to Login Page: https://automationexercise.com/login
2025-12-08 17:19:01 INFO  [LoginPage] Entering email: [[ChromeDriver: chrome on windows (06ba13db2e09bec7d2c354847dfcc321)] -> xpath: //form[@action='/login']//input[@type='email']]
2025-12-08 17:19:02 INFO  [LoginPage] Entering password: [[ChromeDriver: chrome on windows (06ba13db2e09bec7d2c354847dfcc321)] -> xpath: //div[@class='login-form']//input[@type='password']]
2025-12-08 17:19:03 INFO  [LoginPage] Clicking Login button
2025-12-08 17:19:32 INFO  [LoginPage] Navigating to Login Page: https://automationexercise.com/login
2025-12-08 17:19:36 INFO  [LoginPage] Entering email: [[ChromeDriver: chrome on windows (3bdefb22478632488089680e402cd7a2)] -> xpath: //form[@action='/login']//input[@type='email']]
2025-12-08 17:19:39 INFO  [LoginPage] Entering password: [[ChromeDriver: chrome on windows (3bdefb22478632488089680e402cd7a2)] -> xpath: //div[@class='login-form']//input[@type='password']]
2025-12-08 17:19:39 INFO  [LoginPage] Clicking Login button
2025-12-08 17:24:18 INFO  [LoginPage] Navigating to Login Page: https://automationexercise.com/login
2025-12-08 17:24:45 INFO  [LoginPage] Entering email: [[ChromeDriver: chrome on windows (23f496f15e7881d3fa8d93a5956de5be)] -> xpath: //form[@action='/login']//input[@type='email']]
2025-12-08 17:24:46 INFO  [LoginPage] Entering password: [[ChromeDriver: chrome on windows (23f496f15e7881d3fa8d93a5956de5be)] -> xpath: //div[@class='login-form']//input[@type='password']]
2025-12-08 17:24:46 INFO  [LoginPage] Clicking Login button
2025-12-08 17:24:54 INFO  [LoginPage] Navigating to Login Page: https://automationexercise.com/login
2025-12-08 17:24:58 INFO  [LoginPage] Entering email: [[ChromeDriver: chrome on windows (e4149c200f7d4e41d7142097ff91ea59)] -> xpath: //form[@action='/login']//input[@type='email']]
2025-12-08 17:25:00 INFO  [LoginPage] Entering password: [[ChromeDriver: chrome on windows (e4149c200f7d4e41d7142097ff91ea59)] -> xpath: //div[@class='login-form']//input[@type='password']]
2025-12-08 17:25:00 INFO  [LoginPage] Clicking Login button
2025-12-08 18:25:16 INFO  [LoginPage] Navigating to Login Page: https://automationexercise.com/login
2025-12-08 18:25:22 INFO  [LoginPage] Navigating to Login Page: https://automationexercise.com/login
2025-12-08 18:25:27 INFO  [LoginPage] Entering email: [[ChromeDriver: chrome on windows (c4aefd51deb19d0a13c47cf67c6035bb)] -> xpath: //form[@action='/login']//input[@type='email']]
2025-12-08 18:25:27 INFO  [LoginPage] Entering password: [[ChromeDriver: chrome on windows (c4aefd51deb19d0a13c47cf67c6035bb)] -> xpath: //div[@class='login-form']//input[@type='password']]
2025-12-08 18:25:28 INFO  [LoginPage] Clicking Login button
2025-12-17 22:32:07 INFO  [LoginPage] Navigating to Login Page: https://automationexercise.com/login
2025-12-17 22:35:08 INFO  [LoginPage] Navigating to Login Page: https://automationexercise.com/login
2025-12-17 22:44:32 INFO  [LoginPage] Navigating to Login Page: https://automationexercise.com/login
2025-12-17 22:53:04 INFO  [LoginPage] Navigating to Login Page: https://automationexercise.com/login
2025-12-17 22:53:07 INFO  [LoginPage] Entering email: [[ChromeDriver: chrome on windows (c54f6dae1a3df75edfc8e818d6399287)] -> xpath: //form[@action='/login']//input[@type='email']]
2025-12-17 22:53:07 INFO  [LoginPage] Entering password: [[ChromeDriver: chrome on windows (c54f6dae1a3df75edfc8e818d6399287)] -> xpath: //div[@class='login-form']//input[@type='password']]
2025-12-17 22:53:07 INFO  [LoginPage] Clicking Login button
2025-12-21 21:45:45 INFO  [LoginPage] Navigating to Login Page: https://automationexercise.com/login
2025-12-21 21:45:49 INFO  [LoginPage] Entering email: [[ChromeDriver: chrome on windows (8f98922dcb5157c2bda406ab8c8e85b9)] -> xpath: //form[@action='/login']//input[@type='email']]
2025-12-21 21:45:50 INFO  [LoginPage] Entering password: [[ChromeDriver: chrome on windows (8f98922dcb5157c2bda406ab8c8e85b9)] -> xpath: //div[@class='login-form']//input[@type='password']]
2025-12-21 21:45:50 INFO  [LoginPage] Clicking Login button
2025-12-21 21:47:29 INFO  [FilterProductsPage] Selecting Main CategoryWomen
2025-12-21 21:47:29 INFO  [FilterProductsPage] Selection sub-category
2025-12-21 21:49:15 INFO  [LoginPage] Navigating to Login Page: https://automationexercise.com/login
2025-12-21 21:49:20 INFO  [LoginPage] Entering email: [[ChromeDriver: chrome on windows (ea63b9ca7cc99bec382c78fb1b3b7cf3)] -> xpath: //form[@action='/login']//input[@type='email']]
2025-12-21 21:49:21 INFO  [LoginPage] Entering password: [[ChromeDriver: chrome on windows (ea63b9ca7cc99bec382c78fb1b3b7cf3)] -> xpath: //div[@class='login-form']//input[@type='password']]
2025-12-21 21:49:21 INFO  [LoginPage] Clicking Login button
2025-12-21 21:49:21 INFO  [FilterProductsPage] Selecting Main CategoryWomen
2025-12-21 21:49:29 INFO  [FilterProductsPage] Selection sub-category
2025-12-22 20:56:29 INFO  [LoginPage] Navigating to Login Page: https://automationexercise.com/login
2025-12-22 20:56:33 INFO  [LoginPage] Entering email: [[ChromeDriver: chrome on windows (4c1184c6067ea0f7872c00b0f01586ac)] -> xpath: //form[@action='/login']//input[@type='email']]
2025-12-22 20:56:38 INFO  [LoginPage] Navigating to Login Page: https://automationexercise.com/login
2025-12-22 20:56:39 INFO  [LoginPage] Entering password: [[ChromeDriver: chrome on windows (4c1184c6067ea0f7872c00b0f01586ac)] -> xpath: //div[@class='login-form']//input[@type='password']]
2025-12-22 20:56:39 INFO  [LoginPage] Clicking Login button
2025-12-22 20:56:43 INFO  [LoginPage] Entering email: [[ChromeDriver: chrome on windows (4dab1ffade2f0eb4f6c5ca9abbc89c90)] -> xpath: //form[@action='/login']//input[@type='email']]
2025-12-22 20:56:43 INFO  [LoginPage] Entering password: [[ChromeDriver: chrome on windows (4dab1ffade2f0eb4f6c5ca9abbc89c90)] -> xpath: //div[@class='login-form']//input[@type='password']]
2025-12-22 20:56:43 INFO  [LoginPage] Clicking Login button
2025-12-22 20:57:45 INFO  [FilterProductsPage] Selecting Main CategoryWomen
2025-12-22 20:57:45 INFO  [FilterProductsPage] Selection sub-category
2025-12-22 20:57:56 INFO  [FilterProductsPage] Selecting Main CategoryWomen
2025-12-22 20:57:56 INFO  [FilterProductsPage] Selection sub-category
2025-12-22 22:07:53 INFO  [LoginPage] Navigating to Login Page: https://automationexercise.com/login
2025-12-22 22:07:56 INFO  [LoginPage] Entering email: [[ChromeDriver: chrome on windows (0fb7a7fb4fbd2efeaa3f6df0fe2dc942)] -> xpath: //form[@action='/login']//input[@type='email']]
2025-12-22 22:07:57 INFO  [LoginPage] Entering password: [[ChromeDriver: chrome on windows (0fb7a7fb4fbd2efeaa3f6df0fe2dc942)] -> xpath: //div[@class='login-form']//input[@type='password']]
2025-12-22 22:07:57 INFO  [LoginPage] Clicking Login button
2025-12-22 22:08:07 INFO  [FilterProductsPage] Selecting Main CategoryWomen
2025-12-22 22:08:08 INFO  [FilterProductsPage] Selection sub-category
2025-12-23 20:43:01 INFO  [a_LoginPage] Navigating to Login Page: https://automationexercise.com/login
2025-12-23 20:50:45 INFO  [a_LoginPage] Navigating to Login Page: https://automationexercise.com/login
2025-12-23 20:50:49 INFO  [a_LoginPage] Entering email: [[ChromeDriver: chrome on windows (59667b4b5ba5221ba24bfefd6b3325be)] -> xpath: //form[@action='/login']//input[@type='email']]
2025-12-23 20:50:50 INFO  [a_LoginPage] Entering password: [[ChromeDriver: chrome on windows (59667b4b5ba5221ba24bfefd6b3325be)] -> xpath: //div[@class='login-form']//input[@type='password']]
2025-12-23 20:50:50 INFO  [a_LoginPage] Clicking Login button
2025-12-23 22:42:54 INFO  [a_LoginPage] Navigating to Login Page: https://automationexercise.com/login
2025-12-23 22:42:56 INFO  [a_LoginPage] Entering email: [[ChromeDriver: chrome on windows (2adbca434412b6bcd44b4cb0c801ac7c)] -> xpath: //form[@action='/login']//input[@type='email']]
2025-12-23 22:42:57 INFO  [a_LoginPage] Entering password: [[ChromeDriver: chrome on windows (2adbca434412b6bcd44b4cb0c801ac7c)] -> xpath: //div[@class='login-form']//input[@type='password']]
2025-12-23 22:42:58 INFO  [a_LoginPage] Clicking Login button
2025-12-23 23:57:57 INFO  [a_LoginPage] Navigating to Login Page: https://automationexercise.com/login
2025-12-23 23:58:00 INFO  [a_LoginPage] Entering email: [[ChromeDriver: chrome on windows (9806d93d9559e1711ae8335bf2fc06be)] -> xpath: //form[@action='/login']//input[@type='email']]
2025-12-23 23:58:02 INFO  [a_LoginPage] Entering password: [[ChromeDriver: chrome on windows (9806d93d9559e1711ae8335bf2fc06be)] -> xpath: //div[@class='login-form']//input[@type='password']]
2025-12-23 23:58:02 INFO  [a_LoginPage] Clicking Login button
2025-12-26 15:12:04 INFO  [a_LoginPage] Navigating to Login Page: https://automationexercise.com/login
2025-12-26 15:12:06 INFO  [a_LoginPage] Entering email: [[ChromeDriver: chrome on windows (600050ffb99993c4f8ac6a44f6039581)] -> xpath: //form[@action='/login']//input[@type='email']]
2025-12-26 15:12:07 INFO  [a_LoginPage] Entering password: [[ChromeDriver: chrome on windows (600050ffb99993c4f8ac6a44f6039581)] -> xpath: //div[@class='login-form']//input[@type='password']]
2025-12-26 15:12:08 INFO  [a_LoginPage] Clicking Login button
2025-12-26 15:12:19 INFO  [a_LoginPage] Navigating to Login Page: https://automationexercise.com/login
2025-12-26 15:12:24 INFO  [a_LoginPage] Entering email: [[ChromeDriver: chrome on windows (edce77812d5dccca3d366ee70ce3ad06)] -> xpath: //form[@action='/login']//input[@type='email']]
2025-12-26 15:12:24 INFO  [a_LoginPage] Entering password: [[ChromeDriver: chrome on windows (edce77812d5dccca3d366ee70ce3ad06)] -> xpath: //div[@class='login-form']//input[@type='password']]
2025-12-26 15:12:24 INFO  [a_LoginPage] Clicking Login button
2025-12-26 15:12:55 INFO  [a_LoginPage] Navigating to Login Page: https://automationexercise.com/login
2025-12-26 15:13:04 INFO  [a_LoginPage] Entering email: [[ChromeDriver: chrome on windows (da06e7efda43cbb1daa982b694703278)] -> xpath: //form[@action='/login']//input[@type='email']]
2025-12-26 15:13:06 INFO  [a_LoginPage] Entering password: [[ChromeDriver: chrome on windows (da06e7efda43cbb1daa982b694703278)] -> xpath: //div[@class='login-form']//input[@type='password']]
2025-12-26 15:13:06 INFO  [a_LoginPage] Clicking Login button
2025-12-26 15:26:26 INFO  [a_LoginPage] Navigating to Login Page: https://automationexercise.com/login
2025-12-26 15:26:29 INFO  [a_LoginPage] Entering email: [[ChromeDriver: chrome on windows (540a1528335a18f9b0de1161a2037af8)] -> xpath: //form[@action='/login']//input[@type='email']]
2025-12-26 15:26:30 INFO  [a_LoginPage] Entering password: [[ChromeDriver: chrome on windows (540a1528335a18f9b0de1161a2037af8)] -> xpath: //div[@class='login-form']//input[@type='password']]
2025-12-26 15:26:31 INFO  [a_LoginPage] Clicking Login button
2025-12-26 15:27:16 INFO  [a_LoginPage] Navigating to Login Page: https://automationexercise.com/login
2025-12-26 15:27:19 INFO  [a_LoginPage] Entering email: [[ChromeDriver: chrome on windows (d4e1d2c94f56938681e2a5830a47c38f)] -> xpath: //form[@action='/login']//input[@type='email']]
2025-12-26 15:27:21 INFO  [a_LoginPage] Entering password: [[ChromeDriver: chrome on windows (d4e1d2c94f56938681e2a5830a47c38f)] -> xpath: //div[@class='login-form']//input[@type='password']]
2025-12-26 15:27:21 INFO  [a_LoginPage] Clicking Login button
2025-12-26 15:36:36 INFO  [a_LoginPage] Navigating to Login Page: https://automationexercise.com/login
2025-12-26 15:37:01 INFO  [a_LoginPage] Entering email: [[ChromeDriver: chrome on windows (11ecf0d8a8c114ee118214cff9345f3a)] -> xpath: //form[@action='/login']//input[@type='email']]
2025-12-26 15:37:02 INFO  [a_LoginPage] Entering password: [[ChromeDriver: chrome on windows (11ecf0d8a8c114ee118214cff9345f3a)] -> xpath: //div[@class='login-form']//input[@type='password']]
2025-12-26 15:37:02 INFO  [a_LoginPage] Clicking Login button
2025-12-26 15:42:34 INFO  [a_LoginPage] Navigating to Login Page: https://automationexercise.com/login
2025-12-26 15:53:35 INFO  [a_LoginPage] Navigating to Login Page: https://automationexercise.com/login
2025-12-26 15:53:38 INFO  [a_LoginPage] Entering email: [[ChromeDriver: chrome on windows (78a2ad20919126af0824e2058b66b82c)] -> xpath: //form[@action='/login']//input[@type='email']]
2025-12-26 15:53:39 INFO  [a_LoginPage] Entering password: [[ChromeDriver: chrome on windows (78a2ad20919126af0824e2058b66b82c)] -> xpath: //div[@class='login-form']//input[@type='password']]
2025-12-26 15:53:39 INFO  [a_LoginPage] Clicking Login button
2025-12-26 16:54:09 INFO  [a_LoginPage] Navigating to Login Page: https://automationexercise.com/login
2025-12-26 16:54:14 INFO  [a_LoginPage] Entering email: [[ChromeDriver: chrome on windows (5fb59bd7b82b390fe7183e1344e31e76)] -> xpath: //form[@action='/login']//input[@type='email']]
2025-12-26 16:54:14 INFO  [a_LoginPage] Entering password: [[ChromeDriver: chrome on windows (5fb59bd7b82b390fe7183e1344e31e76)] -> xpath: //div[@class='login-form']//input[@type='password']]
2025-12-26 16:54:15 INFO  [a_LoginPage] Clicking Login button
